2012/12/06 11:20:03 [error] [exception.CDbException] exception 'CDbException' with message 'CDbConnection failed to open the DB connection: SQLSTATE[HY000] [1045] Access denied for user 'juego'@'localhost' (using password: YES)' in C:\xampp\htdocs\yii\framework\db\CDbConnection.php:382
Stack trace:
#0 C:\xampp\htdocs\yii\framework\db\CDbConnection.php(331): CDbConnection->open()
#1 C:\xampp\htdocs\yii\framework\db\CDbConnection.php(309): CDbConnection->setActive(true)
#2 C:\xampp\htdocs\yii\framework\base\CModule.php(388): CDbConnection->init()
#3 C:\xampp\htdocs\yii\framework\base\CModule.php(104): CModule->getComponent('db')
#4 C:\xampp\htdocs\yii\framework\gii\generators\crud\CrudCode.php(44): CModule->__get('db')
#5 C:\xampp\htdocs\yii\framework\web\CFormModel.php(40): CrudCode->init()
#6 C:\xampp\htdocs\yii\framework\gii\CCodeGenerator.php(154): CFormModel->__construct()
#7 C:\xampp\htdocs\yii\framework\gii\CCodeGenerator.php(64): CCodeGenerator->prepare()
#8 C:\xampp\htdocs\yii\framework\web\actions\CInlineAction.php(50): CCodeGenerator->actionIndex()
#9 C:\xampp\htdocs\yii\framework\web\CController.php(309): CInlineAction->runWithParams(Array)
#10 C:\xampp\htdocs\yii\framework\web\CController.php(287): CController->runAction(Object(CInlineAction))
#11 C:\xampp\htdocs\yii\framework\web\CController.php(266): CController->runActionWithFilters(Object(CInlineAction), Array)
#12 C:\xampp\htdocs\yii\framework\web\CWebApplication.php(283): CController->run('')
#13 C:\xampp\htdocs\yii\framework\web\CWebApplication.php(142): CWebApplication->runController('gii/crud')
#14 C:\xampp\htdocs\yii\framework\base\CApplication.php(162): CWebApplication->processRequest()
#15 C:\xampp\htdocs\yii\jugadorNum12\index.php(14): CApplication->run()
#16 {main}
REQUEST_URI=/yii/jugadorNum12/gii/crud.jsp
HTTP_REFERER=http://localhost/yii/jugadorNum12/gii/default/index.jsp
---
2012/12/06 12:36:19 [error] [system.db.CDbCommand] CDbCommand::fetchAll() failed: SQLSTATE[42S02]: Base table or view not found: 1146 Table 'juego.habili' doesn't exist. The SQL statement executed was: SHOW COLUMNS FROM `habili`.
in C:\xampp\htdocs\yii\jugadorNum12\index.php (14)
